-------------------------------------------------------------------------------
Test set: org.wildfly.examples.GettingStartedApplicationIT
-------------------------------------------------------------------------------
Tests run: 1, Failures: 0, Errors: 1, Skipped: 0, Time elapsed: 0.003 s <<< FAILURE! -- in org.wildfly.examples.GettingStartedApplicationIT
org.wildfly.examples.GettingStartedApplicationIT -- Time elapsed: 0.003 s <<< ERROR!
java.lang.RuntimeException: Arquillian initialization has already been attempted, but failed. See previous exceptions for cause
	at org.jboss.arquillian.junit5.JUnitJupiterTestClassLifecycleManager.handleSuiteLevelFailure(JUnitJupiterTestClassLifecycleManager.java:62)
	at org.jboss.arquillian.junit5.JUnitJupiterTestClassLifecycleManager.getManager(JUnitJupiterTestClassLifecycleManager.java:30)
	at org.jboss.arquillian.junit5.ArquillianExtension.beforeAll(ArquillianExtension.java:41)
	at java.base/java.util.ArrayList.forEach(ArrayList.java:1604)
	Suppressed: java.lang.RuntimeException: Arquillian initialization has already been attempted, but failed. See previous exceptions for cause
		at org.jboss.arquillian.junit5.JUnitJupiterTestClassLifecycleManager.handleSuiteLevelFailure(JUnitJupiterTestClassLifecycleManager.java:62)
		at org.jboss.arquillian.junit5.JUnitJupiterTestClassLifecycleManager.getManager(JUnitJupiterTestClassLifecycleManager.java:30)
		at org.jboss.arquillian.junit5.ArquillianExtension.afterAll(ArquillianExtension.java:48)
		... 1 more
	Caused by: org.jboss.arquillian.container.spi.client.container.LifecycleException: The port 9990 is already in use. It means that either the server might be already running or there is another process using port 9990.
Managed containers do not support connecting to running server instances due to the possible harmful effect of connecting to the wrong server.
Please stop server (or another process) before running, change to another type of container (e.g. remote) or use jboss.socket.binding.port-offset variable to change the default port.
To disable this check and allow Arquillian to connect to a running server, set allowConnectingToRunningServer to true in the container configuration
		at org.jboss.as.arquillian.container.CommonManagedDeployableContainer.failDueToRunning(CommonManagedDeployableContainer.java:260)
		at org.jboss.as.arquillian.container.CommonManagedDeployableContainer.startInternal(CommonManagedDeployableContainer.java:60)
		at org.jboss.as.arquillian.container.CommonDeployableContainer.start(CommonDeployableContainer.java:142)
		at org.jboss.arquillian.container.impl.ContainerImpl.start(ContainerImpl.java:184)
		at org.jboss.arquillian.container.impl.client.container.ContainerLifecycleController$8.perform(ContainerLifecycleController.java:136)
		at org.jboss.arquillian.container.impl.client.container.ContainerLifecycleController$8.perform(ContainerLifecycleController.java:132)
		at org.jboss.arquillian.container.impl.client.container.ContainerLifecycleController.forContainer(ContainerLifecycleController.java:207)
		at org.jboss.arquillian.container.impl.client.container.ContainerLifecycleController.startContainer(ContainerLifecycleController.java:132)
		at java.base/java.lang.reflect.Method.invoke(Method.java:565)
		at org.jboss.arquillian.core.impl.ObserverImpl.invoke(ObserverImpl.java:85)
		at org.jboss.arquillian.core.impl.EventContextImpl.invokeObservers(EventContextImpl.java:102)
		at org.jboss.arquillian.core.impl.EventContextImpl.proceed(EventContextImpl.java:89)
		at org.jboss.arquillian.container.impl.client.ContainerDeploymentContextHandler.createContainerContext(ContainerDeploymentContextHandler.java:53)
		at java.base/java.lang.reflect.Method.invoke(Method.java:565)
		at org.jboss.arquillian.core.impl.ObserverImpl.invoke(ObserverImpl.java:85)
		at org.jboss.arquillian.core.impl.EventContextImpl.proceed(EventContextImpl.java:94)
		at org.jboss.arquillian.core.impl.ManagerImpl.fire(ManagerImpl.java:133)
		at org.jboss.arquillian.core.impl.ManagerImpl.fire(ManagerImpl.java:105)
		at org.jboss.arquillian.core.impl.EventImpl.fire(EventImpl.java:61)
		at org.jboss.arquillian.container.impl.client.container.ContainerLifecycleController$2.perform(ContainerLifecycleController.java:69)
		at org.jboss.arquillian.container.impl.client.container.ContainerLifecycleController$2.perform(ContainerLifecycleController.java:63)
		at org.jboss.arquillian.container.impl.client.container.ContainerLifecycleController.forEachSuiteContainer(ContainerLifecycleController.java:180)
		at org.jboss.arquillian.container.impl.client.container.ContainerLifecycleController.startSuiteContainers(ContainerLifecycleController.java:63)
		at java.base/java.lang.reflect.Method.invoke(Method.java:565)
		at org.jboss.arquillian.core.impl.ObserverImpl.invoke(ObserverImpl.java:85)
		at org.jboss.arquillian.core.impl.EventContextImpl.invokeObservers(EventContextImpl.java:102)
		at org.jboss.arquillian.core.impl.EventContextImpl.proceed(EventContextImpl.java:89)
		at org.jboss.arquillian.core.impl.ManagerImpl.fire(ManagerImpl.java:133)
		at org.jboss.arquillian.core.impl.ManagerImpl.fire(ManagerImpl.java:105)
		at org.jboss.arquillian.core.impl.EventImpl.fire(EventImpl.java:61)
		at org.jboss.arquillian.container.test.impl.client.ContainerEventController.execute(ContainerEventController.java:82)
		at java.base/java.lang.reflect.Method.invoke(Method.java:565)
		at org.jboss.arquillian.core.impl.ObserverImpl.invoke(ObserverImpl.java:85)
		at org.jboss.arquillian.core.impl.EventContextImpl.invokeObservers(EventContextImpl.java:102)
		at org.jboss.arquillian.core.impl.EventContextImpl.proceed(EventContextImpl.java:89)
		at org.jboss.arquillian.test.impl.TestContextHandler.createSuiteContext(TestContextHandler.java:68)
		at java.base/java.lang.reflect.Method.invoke(Method.java:565)
		at org.jboss.arquillian.core.impl.ObserverImpl.invoke(ObserverImpl.java:85)
		at org.jboss.arquillian.core.impl.EventContextImpl.proceed(EventContextImpl.java:94)
		at org.jboss.arquillian.core.impl.ManagerImpl.fire(ManagerImpl.java:133)
		at org.jboss.arquillian.core.impl.ManagerImpl.fire(ManagerImpl.java:105)
		at org.jboss.arquillian.test.impl.EventTestRunnerAdaptor.beforeSuite(EventTestRunnerAdaptor.java:70)
		at org.jboss.arquillian.junit5.JUnitJupiterTestClassLifecycleManager.initializeAdaptor(JUnitJupiterTestClassLifecycleManager.java:40)
		at org.jboss.arquillian.junit5.JUnitJupiterTestClassLifecycleManager.getManager(JUnitJupiterTestClassLifecycleManager.java:25)
		at org.jboss.arquillian.junit5.ArquillianExtension.beforeAll(ArquillianExtension.java:41)
		... 1 more
		Suppressed: java.lang.RuntimeException: Arquillian initialization has already been attempted, but failed. See previous exceptions for cause
			at org.jboss.arquillian.junit5.JUnitJupiterTestClassLifecycleManager.handleSuiteLevelFailure(JUnitJupiterTestClassLifecycleManager.java:62)
			at org.jboss.arquillian.junit5.JUnitJupiterTestClassLifecycleManager.getManager(JUnitJupiterTestClassLifecycleManager.java:30)
			at org.jboss.arquillian.junit5.ArquillianExtension.afterAll(ArquillianExtension.java:48)
			... 1 more
		Caused by: [CIRCULAR REFERENCE: org.jboss.arquillian.container.spi.client.container.LifecycleException: The port 9990 is already in use. It means that either the server might be already running or there is another process using port 9990.
Managed containers do not support connecting to running server instances due to the possible harmful effect of connecting to the wrong server.
Please stop server (or another process) before running, change to another type of container (e.g. remote) or use jboss.socket.binding.port-offset variable to change the default port.
To disable this check and allow Arquillian to connect to a running server, set allowConnectingToRunningServer to true in the container configuration]
Caused by: [CIRCULAR REFERENCE: org.jboss.arquillian.container.spi.client.container.LifecycleException: The port 9990 is already in use. It means that either the server might be already running or there is another process using port 9990.
Managed containers do not support connecting to running server instances due to the possible harmful effect of connecting to the wrong server.
Please stop server (or another process) before running, change to another type of container (e.g. remote) or use jboss.socket.binding.port-offset variable to change the default port.
To disable this check and allow Arquillian to connect to a running server, set allowConnectingToRunningServer to true in the container configuration]

