<?xml version="1.0" encoding="UTF-8"?>
<testsuite xmlns:xsi="http://www.w3.org/2001/XMLSchema-instance" xsi:noNamespaceSchemaLocation="https://maven.apache.org/surefire/maven-failsafe-plugin/xsd/failsafe-test-report.xsd" version="3.0.2" name="org.wildfly.examples.GettingStartedServiceIT" time="8.921" tests="1" errors="0" skipped="0" failures="0">
  <properties>
[...]
</properties>
  <testcase name="testService" classname="org.wildfly.examples.GettingStartedServiceIT" time="0.345">
    <system-out><![CDATA[&amp#27;[0m09:12:11,724 INFO  [org.jboss.modules] (main) JBoss Modules version 2.1.6.Final
&amp#27;[0mWARNING: A terminally deprecated method in sun.misc.Unsafe has been called
WARNING: sun.misc.Unsafe::objectFieldOffset has been called by org.wildfly.security.manager.WildFlySecurityManager (jar:file:/Users/sims/getting-started/target/server/modules/system/layers/base/org/wildfly/security/elytron-base/main/wildfly-elytron-security-manager-2.6.4.Final.jar!/)
WARNING: Please consider reporting this to the maintainers of class org.wildfly.security.manager.WildFlySecurityManager
WARNING: sun.misc.Unsafe::objectFieldOffset will be removed in a future release
&amp#27;[0m09:12:12,315 INFO  [org.jboss.msc] (main) JBoss MSC version 1.5.5.Final
&amp#27;[0m&amp#27;[0m09:12:12,325 INFO  [org.jboss.threads] (main) JBoss Threads version 2.4.0.Final
&amp#27;[0m&amp#27;[0m09:12:12,453 INFO  [org.jboss.as] (MSC service thread 1-1) WFLYSRV0049: WildFly 36.0.1.Final (WildFly Core 28.0.1.Final) starting
&amp#27;[0m&amp#27;[0m09:12:13,269 INFO  [org.wildfly.security] (Controller Boot Thread) ELY00001: WildFly Elytron version 2.6.4.Final
&amp#27;[0m&amp#27;[0m09:12:13,734 INFO  [org.jboss.as.repository] (ServerService Thread Pool -- 23) WFLYDR0001: Content added at location /Users/sims/getting-started/target/server/standalone/data/content/e7/50454eba0fc7dd9833ba76e5a2f9a4ad507c6e/content
&amp#27;[0m&amp#27;[0m09:12:13,765 INFO  [org.jboss.as.server] (Controller Boot Thread) WFLYSRV0039: Creating http management service using socket-binding (management-http)
&amp#27;[0m&amp#27;[0m09:12:13,779 INFO  [org.xnio] (MSC service thread 1-5) XNIO version 3.8.16.Final
&amp#27;[0m&amp#27;[0m09:12:13,787 INFO  [org.xnio.nio] (MSC service thread 1-5) XNIO NIO Implementation Version 3.8.16.Final
&amp#27;[0m&amp#27;[0m09:12:13,808 INFO  [org.jboss.as.clustering.infinispan] (ServerService Thread Pool -- 40) WFLYCLINF0001: Activating Infinispan subsystem.
&amp#27;[0m&amp#27;[0m09:12:13,811 INFO  [org.wildfly.extension.health] (ServerService Thread Pool -- 39) WFLYHEALTH0001: Activating Base Health Subsystem
&amp#27;[0m&amp#27;[0m09:12:13,813 INFO  [org.wildfly.extension.microprofile.config.smallrye] (ServerService Thread Pool -- 48) WFLYCONF0001: Activating MicroProfile Config Subsystem
&amp#27;[0m&amp#27;[0m09:12:13,815 INFO  [org.jboss.as.jaxrs] (ServerService Thread Pool -- 42) WFLYRS0016: RESTEasy version 6.2.12.Final
&amp#27;[0m&amp#27;[0m09:12:13,816 INFO  [org.wildfly.extension.microprofile.telemetry] (ServerService Thread Pool -- 50) WFLYMPTEL0001: Activating MicroProfile Telemetry Subsystem
&amp#27;[0m&amp#27;[33m09:12:13,819 WARN  [org.jboss.as.txn] (ServerService Thread Pool -- 57) WFLYTX0013: The node-identifier attribute on the /subsystem=transactions is set to the default value. This is a danger for environments running multiple servers. Please make sure the attribute value is unique.
&amp#27;[0m&amp#27;[0m09:12:13,819 INFO  [org.jboss.as.naming] (ServerService Thread Pool -- 51) WFLYNAM0001: Activating Naming Subsystem
&amp#27;[0m&amp#27;[0m09:12:13,828 INFO  [org.wildfly.extension.microprofile.health.smallrye] (ServerService Thread Pool -- 49) WFLYMPHEALTH0001: Activating MicroProfile Health Subsystem
&amp#27;[0m&amp#27;[0m09:12:13,826 INFO  [org.wildfly.extension.metrics] (ServerService Thread Pool -- 47) WFLYMETRICS0001: Activating Base Metrics Subsystem
&amp#27;[0m&amp#27;[0m09:12:13,834 INFO  [org.wildfly.extension.io] (ServerService Thread Pool -- 41) WFLYIO001: Worker 'default' has auto-configured to 24 IO threads with 192 max task threads based on your 12 available processors
&amp#27;[0m&amp#27;[0m09:12:13,843 INFO  [org.jboss.as.connector] (MSC service thread 1-5) WFLYJCA0009: Starting Jakarta Connectors Subsystem (WildFly/IronJacamar 3.0.13.Final)
&amp#27;[0m&amp#27;[0m09:12:13,849 INFO  [org.jboss.as.server.deployment] (MSC service thread 1-4) WFLYSRV0027: Starting deployment of "ROOT.war" (runtime-name: "ROOT.war")
&amp#27;[0m&amp#27;[0m09:12:13,865 INFO  [org.jboss.remoting] (MSC service thread 1-5) JBoss Remoting version 5.0.31.Final
&amp#27;[0m&amp#27;[0m09:12:13,889 INFO  [org.jboss.as.naming] (MSC service thread 1-1) WFLYNAM0003: Starting Naming Service
&amp#27;[0m&amp#27;[0m09:12:13,889 INFO  [org.wildfly.extension.undertow] (MSC service thread 1-6) WFLYUT0003: Undertow 2.3.18.Final starting
&amp#27;[0m&amp#27;[33m09:12:13,897 WARN  [org.wildfly.extension.elytron] (MSC service thread 1-1) WFLYELY00023: KeyStore file '/Users/sims/getting-started/target/server/standalone/configuration/application.keystore' does not exist. Used blank.
&amp#27;[0m&amp#27;[33m09:12:13,911 WARN  [org.wildfly.extension.elytron] (MSC service thread 1-3) WFLYELY01084: KeyStore /Users/sims/getting-started/target/server/standalone/configuration/application.keystore not found, it will be auto-generated on first use with a self-signed certificate for host localhost
&amp#27;[0m&amp#27;[0m09:12:13,935 INFO  [org.wildfly.extension.undertow] (MSC service thread 1-7) WFLYUT0012: Started server default-server.
&amp#27;[0m&amp#27;[0m09:12:13,937 INFO  [org.wildfly.extension.undertow] (MSC service thread 1-2) Queuing requests.
&amp#27;[0m&amp#27;[0m09:12:13,939 INFO  [org.wildfly.extension.undertow] (MSC service thread 1-2) WFLYUT0018: Host default-host starting
&amp#27;[0m&amp#27;[33m09:12:14,011 WARN  [org.jboss.as.domain.http.api.undertow] (MSC service thread 1-8) WFLYDMHTTP0003: Unable to load console module for slot main, disabling console
&amp#27;[0m&amp#27;[0m09:12:14,012 INFO  [org.jboss.as.server.deployment.scanner] (MSC service thread 1-4) WFLYDS0013: Started FileSystemDeploymentService for directory /Users/sims/getting-started/target/server/standalone/deployments
&amp#27;[0m&amp#27;[0m09:12:14,049 INFO  [org.wildfly.extension.undertow] (MSC service thread 1-1) WFLYUT0006: Undertow HTTP listener default listening on 127.0.0.1:8080
&amp#27;[0m&amp#27;[0m09:12:14,517 INFO  [org.jboss.weld.deployer] (MSC service thread 1-5) WFLYWELD0003: Processing weld deployment ROOT.war
&amp#27;[0m&amp#27;[0m09:12:14,630 INFO  [org.hibernate.validator.internal.util.Version] (MSC service thread 1-5) HV000001: Hibernate Validator 8.0.2.Final
&amp#27;[0m&amp#27;[0m09:12:14,946 INFO  [org.jboss.weld.Version] (MSC service thread 1-8) WELD-000900: 5.1.5 (Final)
&amp#27;[0m&amp#27;[0m09:12:16,285 INFO  [org.jboss.resteasy.resteasy_jaxrs.i18n] (ServerService Thread Pool -- 61) RESTEASY002225: Deploying jakarta.ws.rs.core.Application: class org.wildfly.examples.GettingStartedApplication
&amp#27;[0m&amp#27;[0m09:12:16,334 INFO  [org.wildfly.extension.undertow] (ServerService Thread Pool -- 61) WFLYUT0021: Registered web context: '/' for server 'default-server'
&amp#27;[0m&amp#27;[0m09:12:16,347 INFO  [org.wildfly.extension.metrics] (Controller Boot Thread) WFLYMETRICS0006: Additional metrics systems discovered while configuring WildFly Metrics: OpenTelemetry Metrics. Please refer to the documentation for more information.
&amp#27;[0m&amp#27;[0m09:12:16,378 INFO  [org.jboss.as.server] (ServerService Thread Pool -- 35) WFLYSRV0010: Deployed "ROOT.war" (runtime-name : "ROOT.war")
&amp#27;[0m&amp#27;[0m09:12:16,410 INFO  [org.jboss.as.server] (Controller Boot Thread) WFLYSRV0212: Resuming server
&amp#27;[0m&amp#27;[0m09:12:16,416 INFO  [org.jboss.as] (Controller Boot Thread) WFLYSRV0060: Http management interface listening on http://127.0.0.1:9990/management
&amp#27;[0m&amp#27;[0m09:12:16,416 INFO  [org.jboss.as] (Controller Boot Thread) WFLYSRV0054: Admin console is not enabled
&amp#27;[0m&amp#27;[0m09:12:16,417 INFO  [org.jboss.as] (Controller Boot Thread) WFLYSRV0025: WildFly 36.0.1.Final (WildFly Core 28.0.1.Final) started in 5423ms - Started 295 of 376 services (146 services are lazy, passive or on-demand) - Server configuration file in use: standalone.xml - Minimum feature stability level: community
&amp#27;[0m&amp#27;[0m09:12:17,567 INFO  [org.jboss.as.repository] (management-handler-thread - 1) WFLYDR0001: Content added at location /Users/sims/getting-started/target/server/standalone/data/content/4c/51587c3136310c4e3cb22b6ec6515f44bafe54/content
&amp#27;[0m&amp#27;[0m09:12:17,572 INFO  [org.jboss.as.server.deployment] (MSC service thread 1-3) WFLYSRV0027: Starting deployment of "GettingStartedServiceIT.war" (runtime-name: "GettingStartedServiceIT.war")
&amp#27;[0m&amp#27;[0m09:12:18,125 INFO  [org.jboss.weld.deployer] (MSC service thread 1-6) WFLYWELD0003: Processing weld deployment GettingStartedServiceIT.war
&amp#27;[0m&amp#27;[0m09:12:18,370 INFO  [org.wildfly.extension.undertow] (ServerService Thread Pool -- 23) WFLYUT0021: Registered web context: '/GettingStartedServiceIT' for server 'default-server'
&amp#27;[0m&amp#27;[0m09:12:18,405 INFO  [org.jboss.as.server] (management-handler-thread - 1) WFLYSRV0010: Deployed "GettingStartedServiceIT.war" (runtime-name : "GettingStartedServiceIT.war")
&amp#27;[0m]]></system-out>
    <system-err><![CDATA[Aug 25, 2025 9:12:10 AM org.jboss.threads.Version <clinit>
INFO: JBoss Threads version 2.4.0.Final
Aug 25, 2025 9:12:10 AM org.jboss.as.arquillian.container.CommonManagedDeployableContainer startInternal
INFO: Starting container with: [/usr/local/opt/openjdk/libexec/openjdk.jdk/Contents/Home/bin/java, -D[Standalone], -Xms64m, -Xmx512m, -Djava.net.preferIPv4Stack=true, -Djava.awt.headless=true, -Djboss.modules.system.pkgs=org.jboss.byteman, -ea, -Djboss.home.dir=/Users/sims/getting-started/target/server, --add-exports=java.desktop/sun.awt=ALL-UNNAMED, --add-exports=java.naming/com.sun.jndi.ldap=ALL-UNNAMED, --add-exports=java.naming/com.sun.jndi.url.ldap=ALL-UNNAMED, --add-exports=java.naming/com.sun.jndi.url.ldaps=ALL-UNNAMED, --add-exports=jdk.naming.dns/com.sun.jndi.dns=ALL-UNNAMED, --add-opens=java.base/java.lang=ALL-UNNAMED, --add-opens=java.base/java.lang.invoke=ALL-UNNAMED, --add-opens=java.base/java.lang.reflect=ALL-UNNAMED, --add-opens=java.base/java.io=ALL-UNNAMED, --add-opens=java.base/java.net=ALL-UNNAMED, --add-opens=java.base/java.security=ALL-UNNAMED, --add-opens=java.base/java.util=ALL-UNNAMED, --add-opens=java.base/java.util.concurrent=ALL-UNNAMED, --add-opens=java.management/javax.management=ALL-UNNAMED, --add-opens=java.naming/javax.naming=ALL-UNNAMED, --add-modules=java.se, -Djboss.home.dir=/Users/sims/getting-started/target/server, -Djboss.server.base.dir=/Users/sims/getting-started/target/server/standalone, -Djboss.server.log.dir=/Users/sims/getting-started/target/server/standalone/log, -Djboss.server.config.dir=/Users/sims/getting-started/target/server/standalone/configuration, -Dorg.jboss.boot.log.file=/Users/sims/getting-started/target/server/standalone/log/server.log, -Dlogging.configuration=file:/Users/sims/getting-started/target/server/standalone/configuration/logging.properties, -jar, /Users/sims/getting-started/target/server/jboss-modules.jar, -mp, /Users/sims/getting-started/target/server/modules, org.jboss.as.standalone]
Aug 25, 2025 9:12:11 AM org.jboss.remoting3.EndpointImpl <clinit>
INFO: JBoss Remoting version 5.0.31.Final
Aug 25, 2025 9:12:11 AM org.xnio.Xnio <clinit>
INFO: XNIO version 3.8.16.Final
Aug 25, 2025 9:12:11 AM org.xnio.nio.NioXnio <clinit>
INFO: XNIO NIO Implementation Version 3.8.16.Final
Aug 25, 2025 9:12:11 AM org.wildfly.security.Version <clinit>
INFO: ELY00001: WildFly Elytron version 2.6.4.Final
]]></system-err>
  </testcase>
</testsuite>